<?xml version="1.0" encoding="UTF-8"?>
<!-- Generated by org.testng.reporters.JUnitXMLReporter -->
<testsuite hostname="DESKTOP-FKI3VB5" ignored="0" name="chromeTest" tests="6" failures="0" timestamp="2023-02-09T17:56:29 IST" time="30.142" errors="0">
  <testcase name="test1" time="5.021" classname="tests.TestClass1"/>
  <testcase name="test2" time="5.013" classname="tests.TestClass1"/>
  <testcase name="test3" time="5.013" classname="tests.TestClass1"/>
  <testcase name="test1" time="5.013" classname="tests.TestClass2"/>
  <testcase name="test2" time="5.006" classname="tests.TestClass2"/>
  <testcase name="test3" time="5.009" classname="tests.TestClass2"/>
</testsuite> <!-- chromeTest -->
