<?xml version="1.0" encoding="UTF-8"?>
<!-- Generated by org.testng.reporters.JUnitXMLReporter -->
<testsuite hostname="DESKTOP-FKI3VB5" ignored="0" name="Test" tests="6" failures="0" timestamp="2023-02-09T17:41:09 IST" time="15.077" errors="0">
  <testcase name="test1" time="5.019" classname="tests.TestClass1"/>
  <testcase name="test1" time="5.019" classname="tests.TestClass2"/>
  <testcase name="test2" time="5.006" classname="tests.TestClass2"/>
  <testcase name="test2" time="5.006" classname="tests.TestClass1"/>
  <testcase name="test3" time="5.0" classname="tests.TestClass1"/>
  <testcase name="test3" time="5.008" classname="tests.TestClass2"/>
</testsuite> <!-- Test -->
